<?xml version="1.0" encoding="UTF-8"?>
<!-- Generated by org.testng.reporters.JUnitReportReporter -->
<testsuite hostname="DESKTOP-7BKDVGK" failures="0" tests="3" name="testng.Basics2" time="0.025" errors="0" timestamp="2024-09-29T16:45:30 IST" skipped="0">
  <testcase classname="testng.Basics2" name="Demo2" time="0.006"/>
  <testcase classname="testng.Basics2" name="Demo3" time="0.004"/>
  <testcase classname="testng.Basics2" name="Demo" time="0.015"/>
</testsuite> <!-- testng.Basics2 -->
