<?xml version="1.0" encoding="UTF-8"?>
<!-- Generated by org.testng.reporters.JUnitReportReporter -->
<testsuite hostname="DESKTOP-7BKDVGK" failures="0" tests="3" name="testng.basics" time="0.016" errors="0" timestamp="2024-09-01T00:18:05 IST" skipped="0">
  <testcase classname="testng.basics" name="Demo" time="0.010"/>
  <testcase classname="testng.basics" name="Demo3" time="0.003"/>
  <testcase classname="testng.basics" name="Demo2" time="0.003"/>
</testsuite> <!-- testng.basics -->
